<?xml version="1.0" encoding="UTF-8"?>
<testsuite name="com.kodilla.patterns.singleton.LoggerTestSuite" tests="1" skipped="0" failures="0" errors="0" timestamp="2019-02-11T04:57:30" hostname="PL2273758W2" time="0.0">
  <properties/>
  <testcase name="testLogger" classname="com.kodilla.patterns.singleton.LoggerTestSuite" time="0.0"/>
  <system-out><![CDATA[yesterday
]]></system-out>
  <system-err><![CDATA[]]></system-err>
</testsuite>
